<?xml version="1.0" encoding="UTF-8"?>
<testng-results skipped="0" failed="0" ignored="0" total="2" passed="2">
  <reporter-output>
  </reporter-output>
  <suite name="Suite" duration-ms="160583" started-at="2021-11-26T17:48:21 IST" finished-at="2021-11-26T17:51:02 IST">
    <groups>
    </groups>
    <test name="Test" duration-ms="160583" started-at="2021-11-26T17:48:21 IST" finished-at="2021-11-26T17:51:02 IST">
      <class name="dockerselenium.zalenium_Chrome">
        <test-method status="PASS" signature="FPOrder()[pri:0, instance:dockerselenium.zalenium_Chrome@7791a895]" name="FPOrder" duration-ms="58450" started-at="2021-11-26T17:48:21 IST" description="FP Order" finished-at="2021-11-26T17:49:20 IST">
          <reporter-output>
          </reporter-output>
        </test-method> <!-- FPOrder -->
      </class> <!-- dockerselenium.zalenium_Chrome -->
      <class name="dockerselenium.zalenium_Firefox">
        <test-method status="PASS" signature="FPOrder()[pri:0, instance:dockerselenium.zalenium_Firefox@3a5ed7a6]" name="FPOrder" duration-ms="102008" started-at="2021-11-26T17:49:20 IST" description="FP Order" finished-at="2021-11-26T17:51:02 IST">
          <reporter-output>
          </reporter-output>
        </test-method> <!-- FPOrder -->
      </class> <!-- dockerselenium.zalenium_Firefox -->
    </test> <!-- Test -->
  </suite> <!-- Suite -->
</testng-results>
